23:51:25.001 [com.Imad.Main.main()     ] DEBUG Logger               - Configured Logger
23:51:25.012 [com.Imad.Main.main()     ] DEBUG GameApplication      - Logging settings
Title: Flies
Version: 
Width: 500
Height: 500
Fullscreen: false
Intro: false
Profiling: false
Single step:false
App Mode: DEVELOPER
Menu Key: ESCAPE
Stage Style: DECORATED
Scene Factory: class com.almasb.fxgl.app.scene.SceneFactory

23:51:25.308 [JavaFX Application Thread] DEBUG FXGLApplication      - Initializing FXGL
23:51:25.314 [JavaFX Application Thread] INFO  Engine               - FXGL-17.2 (20.08.2022 16.50) on WINDOWS (J:17.0.1 FX:18)
23:51:25.315 [JavaFX Application Thread] DEBUG Engine               - JRE Vendor Name: Oracle Corporation
23:51:25.316 [JavaFX Application Thread] DEBUG Engine               - Running on OS: Windows 10 version 10.0
23:51:25.316 [JavaFX Application Thread] DEBUG Engine               - Architecture: amd64
23:51:25.316 [JavaFX Application Thread] INFO  Engine               - Source code and latest versions at: https://github.com/AlmasB/FXGL
23:51:25.320 [JavaFX Application Thread] INFO  Engine               -       Ask questions and discuss at: https://github.com/AlmasB/FXGL/discussions
23:51:25.320 [JavaFX Application Thread] INFO  Engine               -              Join the FXGL chat at: https://gitter.im/AlmasB/FXGL
23:51:25.451 [JavaFX Application Thread] DEBUG PrimaryStageWindow   - Creating a JavaFX scene
23:51:25.499 [JavaFX Application Thread] DEBUG PrimaryStageWindow   - Target settings size: 500.0 x 500.0
23:51:25.500 [JavaFX Application Thread] DEBUG PrimaryStageWindow   - Scaled scene size:    500.0 x 500.0
23:51:25.500 [JavaFX Application Thread] DEBUG PrimaryStageWindow   - Scaled ratio: (1.0, 1.0)
23:51:25.501 [JavaFX Application Thread] DEBUG PrimaryStageWindow   - Set initial scene to FXGLStartupScene
23:51:25.511 [JavaFX Application Thread] DEBUG PrimaryStageWindow   - Opening main window
23:51:25.602 [JavaFX Application Thread] DEBUG PrimaryStageWindow   - Window border size: (16.0, 39.0)
23:51:25.603 [JavaFX Application Thread] DEBUG PrimaryStageWindow   - Scaled size: 500.0 x 500.0
23:51:25.603 [JavaFX Application Thread] DEBUG PrimaryStageWindow   - Scaled ratio: (1.0, 1.0)
23:51:25.603 [JavaFX Application Thread] DEBUG PrimaryStageWindow   - Scene size: 500.0 x 500.0
23:51:25.603 [JavaFX Application Thread] DEBUG PrimaryStageWindow   - Stage size: 516.0 x 539.0
23:51:25.610 [FXGL Background Thread 1 ] DEBUG Engine               - Initializing environment variables
23:51:25.633 [FXGL Background Thread 1 ] DEBUG FXGLAssetLoaderServi - User app class for loading assets: class com.Imad.Main
23:51:25.633 [FXGL Background Thread 1 ] DEBUG GameApplicationServi - Applying CSS: fxgl_dark.css
23:51:25.634 [FXGL Background Thread 1 ] DEBUG FXGLAssetLoaderServi - Loading from file system: jar:file:/C:/Users/imad0/.m2/repository/com/github/almasb/fxgl/17.2/fxgl-17.2.jar!/fxglassets/ui/css/fxgl_dark.css
23:51:25.673 [FXGL Background Thread 1 ] DEBUG GameApplicationServi - Initializing application scenes
23:51:25.707 [FXGL Background Thread 1 ] DEBUG GameWorld            - Game world initialized
23:51:25.760 [FXGL Background Thread 1 ] DEBUG PhysicsWorld         - Physics world initialized: appHeight=500, physics.ppm=50.0
23:51:25.761 [FXGL Background Thread 1 ] DEBUG PhysicsWorld         - Using strategy: BRUTE_FORCE
23:51:25.765 [FXGL Background Thread 1 ] DEBUG GameScene            - Game scene initialized: 500x500
23:51:25.778 [FXGL Background Thread 1 ] WARN  FXGL.DefaultMenu     - FXGLDefaultMenu is not designed for resolutions < 800x600
23:51:25.779 [FXGL Background Thread 1 ] DEBUG FXGL.DefaultMenu     - createMenuBodyGameMenu()
23:51:25.796 [FXGL Background Thread 1 ] DEBUG FXGL.DefaultMenu     - createOptionsMenu()
23:51:25.805 [FXGL Background Thread 1 ] DEBUG FXGLAssetLoaderServi - Loading from file system: jar:file:/C:/Users/imad0/.m2/repository/com/github/almasb/fxgl/17.2/fxgl-17.2.jar!/fxglassets/textures/particles/smoke.png
23:51:25.884 [FXGL Background Thread 1 ] DEBUG FXGLAssetLoaderServi - Loading from file system: jar:file:/C:/Users/imad0/.m2/repository/com/github/almasb/fxgl/17.2/fxgl-17.2.jar!/fxglassets/textures/particles/trace_horizontal.png
23:51:25.923 [FXGL Background Thread 1 ] DEBUG GameApplicationServi - Application scenes initialized
23:51:25.938 [FXGL Background Thread 1 ] DEBUG SystemBundleService  - Loading FXGL system data
23:51:25.946 [FXGL Background Thread 1 ] DEBUG FileSystemAccess     - Reading from: C:\Users\imad0\Desktop\CodingFun\flies\system\fxgl.bundle
23:51:25.953 [FXGL Background Thread 1 ] DEBUG SystemBundleService  - Bundle FXGL: {}
23:51:25.953 [FXGL Background Thread 1 ] DEBUG UpdaterService       - Checking for updates
23:51:25.960 [FXGL Background Thread 1 ] DEBUG FXGLApplication      - Loading default localization
23:51:25.960 [FXGL Background Thread 4 ] DEBUG FXGLApplication      - Loading fonts
23:51:25.961 [FXGL Background Thread 4 ] DEBUG FXGLAssetLoaderServi - Loading from file system: jar:file:/C:/Users/imad0/.m2/repository/com/github/almasb/fxgl/17.2/fxgl-17.2.jar!/fxglassets/ui/fonts/VarelaRound-Regular.ttf
23:51:25.961 [FXGL Background Thread 1 ] DEBUG FXGLAssetLoaderServi - Loading from file system: jar:file:/C:/Users/imad0/.m2/repository/com/github/almasb/fxgl/17.2/fxgl-17.2.jar!/fxglassets/languages/english.lang
23:51:25.976 [FXGL Background Thread 1 ] INFO  FXGLApplication      - FXGL initialization took: 0.367 sec
23:51:25.978 [JavaFX Application Thread] DEBUG FXGLAssetLoaderServi - Loading from file system: jar:file:/C:/Users/imad0/.m2/repository/com/github/almasb/fxgl/17.2/fxgl-17.2.jar!/fxglassets/textures/fxgl_icon.png
23:51:25.981 [FXGL Background Thread 4 ] DEBUG FXGLAssetLoaderServi - Loading from file system: jar:file:/C:/Users/imad0/.m2/repository/com/github/almasb/fxgl/17.2/fxgl-17.2.jar!/fxglassets/ui/fonts/Abel-Regular.ttf
23:51:25.991 [JavaFX Application Thread] DEBUG FXGLAssetLoaderServi - Loading from file system: jar:file:/C:/Users/imad0/.m2/repository/com/github/almasb/fxgl/17.2/fxgl-17.2.jar!/fxglassets/textures/fxgl_default_cursor.png
23:51:26.000 [JavaFX Application Thread] DEBUG Input                - Registered new binding: Screenshot - CTRL+8
23:51:26.001 [JavaFX Application Thread] DEBUG Input                - Registered new binding: System info dump - CTRL+9
23:51:26.001 [JavaFX Application Thread] DEBUG Input                - Registered new binding: Restart - CTRL+R
23:51:26.002 [JavaFX Application Thread] DEBUG Input                - Registered new binding: Toggle Debug Camera - CTRL+7
23:51:26.003 [JavaFX Application Thread] DEBUG LoopRunner           - Starting loop
23:51:26.003 [JavaFX Application Thread] DEBUG LoopRunner           - Initializing JavaFX AnimationTimerLoop
23:51:26.005 [JavaFX Application Thread] DEBUG GameApplicationServi - Starting new game
23:51:26.005 [JavaFX Application Thread] DEBUG Input                - Clearing active input actions
23:51:26.012 [JavaFX Application Thread] DEBUG GameApplicationServi - Removing overlay from FXGLStartupScene and adding to FXGLLoadingScene
23:51:26.013 [JavaFX Application Thread] DEBUG PrimaryStageWindow   - FXGLStartupScene -> FXGLLoadingScene
23:51:26.013 [JavaFX Application Thread] DEBUG GameApplicationServi - Clearing previous game
23:51:26.013 [JavaFX Application Thread] DEBUG GameScene            - Clearing game scene
23:51:26.013 [JavaFX Application Thread] DEBUG GameWorld            - Clearing game world
23:51:26.013 [JavaFX Application Thread] DEBUG PhysicsWorld         - Clearing physics world
23:51:26.014 [FXGL Background Thread 1 ] DEBUG FXGLApplication      - Initializing game
23:51:26.024 [FXGL Background Thread 4 ] DEBUG FXGLAssetLoaderServi - Loading from file system: jar:file:/C:/Users/imad0/.m2/repository/com/github/almasb/fxgl/17.2/fxgl-17.2.jar!/fxglassets/ui/fonts/TerminalLandMono-Regular.otf
23:51:26.045 [FXGL Background Thread 4 ] DEBUG FXGLAssetLoaderServi - Loading from file system: jar:file:/C:/Users/imad0/.m2/repository/com/github/almasb/fxgl/17.2/fxgl-17.2.jar!/fxglassets/ui/fonts/Courier-Prime.ttf
23:51:26.058 [JavaFX Application Thread] DEBUG FXGLApplication      - Registering font factories with UI factory
23:51:26.133 [FXGL Background Thread 1 ] INFO  FXGLApplication      - Game initialization took: 0.119 sec
23:51:26.180 [JavaFX Application Thread] DEBUG Input                - Clearing active input actions
23:51:26.190 [JavaFX Application Thread] DEBUG GameApplicationServi - Removing overlay from FXGLLoadingScene and adding to GameScene
23:51:26.191 [JavaFX Application Thread] DEBUG PrimaryStageWindow   - FXGLLoadingScene -> GameScene
23:51:28.957 [FXGL Background Thread 3 ] DEBUG Engine               - Logging environment variables
23:51:28.958 [FXGL Background Thread 3 ] DEBUG Engine               - achievements: []
23:51:28.958 [FXGL Background Thread 3 ] DEBUG Engine               - actualHeight: 500.0
23:51:28.958 [FXGL Background Thread 3 ] DEBUG Engine               - actualHeightProperty: ReadOnlyDoubleProperty [value: 500.0]
23:51:28.958 [FXGL Background Thread 3 ] DEBUG Engine               - actualWidth: 500.0
23:51:28.958 [FXGL Background Thread 3 ] DEBUG Engine               - actualWidthProperty: ReadOnlyDoubleProperty [value: 500.0]
23:51:28.958 [FXGL Background Thread 3 ] DEBUG Engine               - appIcon: fxgl_icon.png
23:51:28.958 [FXGL Background Thread 3 ] DEBUG Engine               - applicationMode: DEVELOPER
23:51:28.958 [FXGL Background Thread 3 ] DEBUG Engine               - cSSList: [fxgl_dark.css]
23:51:28.958 [FXGL Background Thread 3 ] DEBUG Engine               - collisionDetectionStrategy: BRUTE_FORCE
23:51:28.958 [FXGL Background Thread 3 ] DEBUG Engine               - configClass: Optional.empty
23:51:28.959 [FXGL Background Thread 3 ] DEBUG Engine               - credits: []
23:51:28.959 [FXGL Background Thread 3 ] DEBUG Engine               - defaultCursor: CursorInfo(imageName=fxgl_default_cursor.png, hotspotX=7.0, hotspotY=6.0)
23:51:28.959 [FXGL Background Thread 3 ] DEBUG Engine               - devBBoxColorProperty: ObjectProperty [value: 0xff0000ff]
23:51:28.959 [FXGL Background Thread 3 ] DEBUG Engine               - devEnableDebugCameraProperty: BooleanProperty [value: false]
23:51:28.959 [FXGL Background Thread 3 ] DEBUG Engine               - devSensorColorProperty: ObjectProperty [value: 0xffff00ff]
23:51:28.960 [FXGL Background Thread 3 ] DEBUG Engine               - devShowBBoxProperty: BooleanProperty [value: false]
23:51:28.960 [FXGL Background Thread 3 ] DEBUG Engine               - devShowPositionProperty: BooleanProperty [value: false]
23:51:28.960 [FXGL Background Thread 3 ] DEBUG Engine               - enabledMenuItems: []
23:51:28.960 [FXGL Background Thread 3 ] DEBUG Engine               - engineServices: [class com.almasb.fxgl.app.services.FXGLAssetLoaderService, class com.almasb.fxgl.app.FXGLApplication$GameApplicationService, class com.almasb.fxgl.app.services.FXGLDialogService, class com.almasb.fxgl.app.services.IOTaskExecutorService, class com.almasb.fxgl.io.FileSystemService, class com.almasb.fxgl.localization.LocalizationService, class com.almasb.fxgl.app.services.SystemBundleService, class com.almasb.fxgl.profile.SaveLoadService, class com.almasb.fxgl.ui.FXGLUIFactoryServiceProvider, class com.almasb.fxgl.ui.FXGLDialogFactoryServiceProvider, class com.almasb.fxgl.audio.AudioPlayer, class com.almasb.fxgl.notification.impl.NotificationServiceProvider, class com.almasb.fxgl.achievement.AchievementService, class com.almasb.fxgl.cutscene.CutsceneService, class com.almasb.fxgl.minigames.MiniGameService, class com.almasb.fxgl.net.NetService, class com.almasb.fxgl.app.services.UpdaterService, class com.almasb.fxgl.dev.DevService]
23:51:28.960 [FXGL Background Thread 3 ] DEBUG Engine               - fontGame: Abel-Regular.ttf
23:51:28.960 [FXGL Background Thread 3 ] DEBUG Engine               - fontMono: TerminalLandMono-Regular.otf
23:51:28.960 [FXGL Background Thread 3 ] DEBUG Engine               - fontText: Courier-Prime.ttf
23:51:28.960 [FXGL Background Thread 3 ] DEBUG Engine               - fontUI: VarelaRound-Regular.ttf
23:51:28.961 [FXGL Background Thread 3 ] DEBUG Engine               - fullScreen: BooleanProperty [value: false]
23:51:28.961 [FXGL Background Thread 3 ] DEBUG Engine               - gameDifficulty: MEDIUM
23:51:28.961 [FXGL Background Thread 3 ] DEBUG Engine               - gameDifficultyProperty: ObjectProperty [value: MEDIUM]
23:51:28.961 [FXGL Background Thread 3 ] DEBUG Engine               - globalMusicVolume: 0.5
23:51:28.961 [FXGL Background Thread 3 ] DEBUG Engine               - globalMusicVolumeProperty: DoubleProperty [value: 0.5]
23:51:28.961 [FXGL Background Thread 3 ] DEBUG Engine               - globalSoundVolume: 0.5
23:51:28.961 [FXGL Background Thread 3 ] DEBUG Engine               - globalSoundVolumeProperty: DoubleProperty [value: 0.5]
23:51:28.961 [FXGL Background Thread 3 ] DEBUG Engine               - height: 500
23:51:28.961 [FXGL Background Thread 3 ] DEBUG Engine               - is3D: false
23:51:28.961 [FXGL Background Thread 3 ] DEBUG Engine               - isAndroid: false
23:51:28.961 [FXGL Background Thread 3 ] DEBUG Engine               - isBrowser: false
23:51:28.961 [FXGL Background Thread 3 ] DEBUG Engine               - isClickFeedbackEnabled: false
23:51:28.961 [FXGL Background Thread 3 ] DEBUG Engine               - isCloseConfirmation: false
23:51:28.961 [FXGL Background Thread 3 ] DEBUG Engine               - isDesktop: true
23:51:28.962 [FXGL Background Thread 3 ] DEBUG Engine               - isDeveloperMenuEnabled: false
23:51:28.962 [FXGL Background Thread 3 ] DEBUG Engine               - isEmbedded: false
23:51:28.962 [FXGL Background Thread 3 ] DEBUG Engine               - isEntityPreloadEnabled: true
23:51:28.962 [FXGL Background Thread 3 ] DEBUG Engine               - isExperimentalTiledLargeMap: false
23:51:28.962 [FXGL Background Thread 3 ] DEBUG Engine               - isFileSystemWriteAllowed: true
23:51:28.962 [FXGL Background Thread 3 ] DEBUG Engine               - isFullScreenAllowed: false
23:51:28.962 [FXGL Background Thread 3 ] DEBUG Engine               - isFullScreenFromStart: false
23:51:28.962 [FXGL Background Thread 3 ] DEBUG Engine               - isGameMenuEnabled: true
23:51:28.962 [FXGL Background Thread 3 ] DEBUG Engine               - isIOS: false
23:51:28.962 [FXGL Background Thread 3 ] DEBUG Engine               - isIntroEnabled: false
23:51:28.962 [FXGL Background Thread 3 ] DEBUG Engine               - isLinux: false
23:51:28.962 [FXGL Background Thread 3 ] DEBUG Engine               - isMac: false
23:51:28.962 [FXGL Background Thread 3 ] DEBUG Engine               - isMainMenuEnabled: false
23:51:28.962 [FXGL Background Thread 3 ] DEBUG Engine               - isManualResizeEnabled: false
23:51:28.963 [FXGL Background Thread 3 ] DEBUG Engine               - isMobile: false
23:51:28.963 [FXGL Background Thread 3 ] DEBUG Engine               - isNative: false
23:51:28.963 [FXGL Background Thread 3 ] DEBUG Engine               - isPauseMusicWhenMinimized: true
23:51:28.963 [FXGL Background Thread 3 ] DEBUG Engine               - isPreserveResizeRatio: false
23:51:28.963 [FXGL Background Thread 3 ] DEBUG Engine               - isProfilingEnabled: false
23:51:28.963 [FXGL Background Thread 3 ] DEBUG Engine               - isScaleAffectedOnResize: true
23:51:28.963 [FXGL Background Thread 3 ] DEBUG Engine               - isSingleStep: false
23:51:28.963 [FXGL Background Thread 3 ] DEBUG Engine               - isUserProfileEnabled: false
23:51:28.963 [FXGL Background Thread 3 ] DEBUG Engine               - isWindows: true
23:51:28.963 [FXGL Background Thread 3 ] DEBUG Engine               - language: ObjectProperty [value: ENGLISH]
23:51:28.963 [FXGL Background Thread 3 ] DEBUG Engine               - menuKey: ESCAPE
23:51:28.964 [FXGL Background Thread 3 ] DEBUG Engine               - mouseSensitivity: 0.2
23:51:28.964 [FXGL Background Thread 3 ] DEBUG Engine               - notificationViewClass: class com.almasb.fxgl.notification.view.XboxNotificationView
23:51:28.964 [FXGL Background Thread 3 ] DEBUG Engine               - pixelsPerMeter: 50.0
23:51:28.964 [FXGL Background Thread 3 ] DEBUG Engine               - platform: WINDOWS
23:51:28.964 [FXGL Background Thread 3 ] DEBUG Engine               - prefHeightProperty: ReadOnlyDoubleProperty [value: 500.0]
23:51:28.964 [FXGL Background Thread 3 ] DEBUG Engine               - prefWidthProperty: ReadOnlyDoubleProperty [value: 500.0]
23:51:28.964 [FXGL Background Thread 3 ] DEBUG Engine               - profileDir: profiles/
23:51:28.965 [FXGL Background Thread 3 ] DEBUG Engine               - profileName: StringProperty [value: DEFAULT]
23:51:28.965 [FXGL Background Thread 3 ] DEBUG Engine               - randomSeed: -1
23:51:28.965 [FXGL Background Thread 3 ] DEBUG Engine               - runtimeInfo: RuntimeInfo(platform=WINDOWS, version=17.2, build=20.08.2022 16.50)
23:51:28.965 [FXGL Background Thread 3 ] DEBUG Engine               - saveFileExt: sav
23:51:28.965 [FXGL Background Thread 3 ] DEBUG Engine               - scaledHeightProp$fxgl: DoubleProperty [bound, value: 500.0]
23:51:28.965 [FXGL Background Thread 3 ] DEBUG Engine               - scaledWidthProp$fxgl: DoubleProperty [bound, value: 500.0]
23:51:28.965 [FXGL Background Thread 3 ] DEBUG Engine               - sceneFactory: com.almasb.fxgl.app.scene.SceneFactory@4a3e17c2
23:51:28.965 [FXGL Background Thread 3 ] DEBUG Engine               - secondsIn24h: 60
23:51:28.965 [FXGL Background Thread 3 ] DEBUG Engine               - soundMenuBack: menu/back.wav
23:51:28.965 [FXGL Background Thread 3 ] DEBUG Engine               - soundMenuPress: menu/press.wav
23:51:28.965 [FXGL Background Thread 3 ] DEBUG Engine               - soundMenuSelect: menu/select.wav
23:51:28.965 [FXGL Background Thread 3 ] DEBUG Engine               - soundNotification: core/notification.wav
23:51:28.965 [FXGL Background Thread 3 ] DEBUG Engine               - stageStyle: DECORATED
23:51:28.965 [FXGL Background Thread 3 ] DEBUG Engine               - supportedLanguages: [ENGLISH, FRENCH, GERMAN, HUNGARIAN, RUSSIAN]
23:51:28.966 [FXGL Background Thread 3 ] DEBUG Engine               - ticksPerSecond: -1
23:51:28.966 [FXGL Background Thread 3 ] DEBUG Engine               - title: Flies
23:51:28.966 [FXGL Background Thread 3 ] DEBUG Engine               - urlGithub: https://github.com/AlmasB/FXGL
23:51:28.966 [FXGL Background Thread 3 ] DEBUG Engine               - urlLeaderboard: http://fxgl-top.herokuapp.com/
23:51:28.966 [FXGL Background Thread 3 ] DEBUG Engine               - urlPOM: https://raw.githubusercontent.com/AlmasB/FXGL/release/README.md
23:51:28.966 [FXGL Background Thread 3 ] DEBUG Engine               - userAppClass: class com.Imad.Main
23:51:28.966 [FXGL Background Thread 3 ] DEBUG Engine               - version: 
23:51:28.966 [FXGL Background Thread 3 ] DEBUG Engine               - versionCheckDays: 7
23:51:28.966 [FXGL Background Thread 3 ] DEBUG Engine               - width: 500
23:51:28.966 [FXGL Background Thread 3 ] DEBUG Engine               - Logging services
23:51:28.966 [FXGL Background Thread 3 ] DEBUG Engine               - class com.almasb.fxgl.app.services.FXGLAssetLoaderService
23:51:28.966 [FXGL Background Thread 3 ] DEBUG Engine               - class com.almasb.fxgl.app.FXGLApplication$GameApplicationService
23:51:28.966 [FXGL Background Thread 3 ] DEBUG Engine               - class com.almasb.fxgl.app.services.FXGLDialogService
23:51:28.967 [FXGL Background Thread 3 ] DEBUG Engine               - class com.almasb.fxgl.app.services.IOTaskExecutorService
23:51:28.967 [FXGL Background Thread 3 ] DEBUG Engine               - class com.almasb.fxgl.io.FileSystemService
23:51:28.967 [FXGL Background Thread 3 ] DEBUG Engine               - class com.almasb.fxgl.localization.LocalizationService
23:51:28.967 [FXGL Background Thread 3 ] DEBUG Engine               - class com.almasb.fxgl.app.services.SystemBundleService
23:51:28.967 [FXGL Background Thread 3 ] DEBUG Engine               - class com.almasb.fxgl.profile.SaveLoadService
23:51:28.967 [FXGL Background Thread 3 ] DEBUG Engine               - class com.almasb.fxgl.ui.FXGLUIFactoryServiceProvider
23:51:28.967 [FXGL Background Thread 3 ] DEBUG Engine               - class com.almasb.fxgl.ui.FXGLDialogFactoryServiceProvider
23:51:28.967 [FXGL Background Thread 3 ] DEBUG Engine               - class com.almasb.fxgl.audio.AudioPlayer
23:51:28.967 [FXGL Background Thread 3 ] DEBUG Engine               - class com.almasb.fxgl.notification.impl.NotificationServiceProvider
23:51:28.967 [FXGL Background Thread 3 ] DEBUG Engine               - class com.almasb.fxgl.achievement.AchievementService
23:51:28.967 [FXGL Background Thread 3 ] DEBUG Engine               - class com.almasb.fxgl.cutscene.CutsceneService
23:51:28.967 [FXGL Background Thread 3 ] DEBUG Engine               - class com.almasb.fxgl.minigames.MiniGameService
23:51:28.967 [FXGL Background Thread 3 ] DEBUG Engine               - class com.almasb.fxgl.net.NetService
23:51:28.967 [FXGL Background Thread 3 ] DEBUG Engine               - class com.almasb.fxgl.app.services.UpdaterService
23:51:28.967 [FXGL Background Thread 3 ] DEBUG Engine               - class com.almasb.fxgl.dev.DevService
23:51:41.917 [JavaFX Application Thread] DEBUG FXGLApplication      - Exiting FXGL
23:51:41.917 [JavaFX Application Thread] DEBUG LoopRunner           - Stopping loop
23:51:41.917 [JavaFX Application Thread] DEBUG SystemBundleService  - Saving FXGL system data
23:51:41.918 [JavaFX Application Thread] DEBUG FileSystemAccess     - Writing to: C:\Users\imad0\Desktop\CodingFun\flies\system\fxgl.bundle
23:51:41.919 [JavaFX Application Thread] DEBUG Async                - Shutting down background threads
23:51:41.920 [JavaFX Application Thread] DEBUG PrimaryStageWindow   - Closing main window
23:51:41.938 [JavaFX Application Thread] DEBUG Logger               - Closing Logger
