23:38:59.096 [com.Imad.Main.main()     ] DEBUG Logger               - Configured Logger
23:38:59.112 [com.Imad.Main.main()     ] DEBUG GameApplication      - Logging settings
Title: Flies
Version: 
Width: 500
Height: 500
Fullscreen: false
Intro: false
Profiling: false
Single step:false
App Mode: DEVELOPER
Menu Key: ESCAPE
Stage Style: DECORATED
Scene Factory: class com.almasb.fxgl.app.scene.SceneFactory

23:38:59.419 [JavaFX Application Thread] DEBUG FXGLApplication      - Initializing FXGL
23:38:59.424 [JavaFX Application Thread] INFO  Engine               - FXGL-17.2 (20.08.2022 16.50) on WINDOWS (J:17.0.1 FX:18)
23:38:59.425 [JavaFX Application Thread] DEBUG Engine               - JRE Vendor Name: Oracle Corporation
23:38:59.425 [JavaFX Application Thread] DEBUG Engine               - Running on OS: Windows 10 version 10.0
23:38:59.425 [JavaFX Application Thread] DEBUG Engine               - Architecture: amd64
23:38:59.425 [JavaFX Application Thread] INFO  Engine               - Source code and latest versions at: https://github.com/AlmasB/FXGL
23:38:59.425 [JavaFX Application Thread] INFO  Engine               -       Ask questions and discuss at: https://github.com/AlmasB/FXGL/discussions
23:38:59.425 [JavaFX Application Thread] INFO  Engine               -              Join the FXGL chat at: https://gitter.im/AlmasB/FXGL
23:38:59.555 [JavaFX Application Thread] DEBUG PrimaryStageWindow   - Creating a JavaFX scene
23:38:59.604 [JavaFX Application Thread] DEBUG PrimaryStageWindow   - Target settings size: 500.0 x 500.0
23:38:59.605 [JavaFX Application Thread] DEBUG PrimaryStageWindow   - Scaled scene size:    500.0 x 500.0
23:38:59.605 [JavaFX Application Thread] DEBUG PrimaryStageWindow   - Scaled ratio: (1.0, 1.0)
23:38:59.607 [JavaFX Application Thread] DEBUG PrimaryStageWindow   - Set initial scene to FXGLStartupScene
23:38:59.614 [JavaFX Application Thread] DEBUG PrimaryStageWindow   - Opening main window
23:38:59.706 [JavaFX Application Thread] DEBUG PrimaryStageWindow   - Window border size: (16.0, 39.0)
23:38:59.706 [JavaFX Application Thread] DEBUG PrimaryStageWindow   - Scaled size: 500.0 x 500.0
23:38:59.706 [JavaFX Application Thread] DEBUG PrimaryStageWindow   - Scaled ratio: (1.0, 1.0)
23:38:59.706 [JavaFX Application Thread] DEBUG PrimaryStageWindow   - Scene size: 500.0 x 500.0
23:38:59.706 [JavaFX Application Thread] DEBUG PrimaryStageWindow   - Stage size: 516.0 x 539.0
23:38:59.715 [FXGL Background Thread 1 ] DEBUG Engine               - Initializing environment variables
23:38:59.742 [FXGL Background Thread 1 ] DEBUG FXGLAssetLoaderServi - User app class for loading assets: class com.Imad.Main
23:38:59.742 [FXGL Background Thread 1 ] DEBUG GameApplicationServi - Applying CSS: fxgl_dark.css
23:38:59.743 [FXGL Background Thread 1 ] DEBUG FXGLAssetLoaderServi - Loading from file system: jar:file:/C:/Users/imad0/.m2/repository/com/github/almasb/fxgl/17.2/fxgl-17.2.jar!/fxglassets/ui/css/fxgl_dark.css
23:38:59.784 [FXGL Background Thread 1 ] DEBUG GameApplicationServi - Initializing application scenes
23:38:59.825 [FXGL Background Thread 1 ] DEBUG GameWorld            - Game world initialized
23:38:59.873 [FXGL Background Thread 1 ] DEBUG PhysicsWorld         - Physics world initialized: appHeight=500, physics.ppm=50.0
23:38:59.873 [FXGL Background Thread 1 ] DEBUG PhysicsWorld         - Using strategy: BRUTE_FORCE
23:38:59.878 [FXGL Background Thread 1 ] DEBUG GameScene            - Game scene initialized: 500x500
23:38:59.891 [FXGL Background Thread 1 ] WARN  FXGL.DefaultMenu     - FXGLDefaultMenu is not designed for resolutions < 800x600
23:38:59.891 [FXGL Background Thread 1 ] DEBUG FXGL.DefaultMenu     - createMenuBodyGameMenu()
23:38:59.909 [FXGL Background Thread 1 ] DEBUG FXGL.DefaultMenu     - createOptionsMenu()
23:38:59.920 [FXGL Background Thread 1 ] DEBUG FXGLAssetLoaderServi - Loading from file system: jar:file:/C:/Users/imad0/.m2/repository/com/github/almasb/fxgl/17.2/fxgl-17.2.jar!/fxglassets/textures/particles/smoke.png
23:38:59.992 [FXGL Background Thread 1 ] DEBUG FXGLAssetLoaderServi - Loading from file system: jar:file:/C:/Users/imad0/.m2/repository/com/github/almasb/fxgl/17.2/fxgl-17.2.jar!/fxglassets/textures/particles/trace_horizontal.png
23:39:00.016 [FXGL Background Thread 1 ] DEBUG GameApplicationServi - Application scenes initialized
23:39:00.029 [FXGL Background Thread 1 ] DEBUG SystemBundleService  - Loading FXGL system data
23:39:00.034 [FXGL Background Thread 1 ] DEBUG FileSystemAccess     - Reading from: C:\Users\imad0\Desktop\CodingFun\flies\system\fxgl.bundle
23:39:00.045 [FXGL Background Thread 1 ] DEBUG SystemBundleService  - Bundle FXGL: {}
23:39:00.045 [FXGL Background Thread 1 ] DEBUG UpdaterService       - Checking for updates
23:39:00.051 [FXGL Background Thread 1 ] DEBUG FXGLApplication      - Loading default localization
23:39:00.052 [FXGL Background Thread 4 ] DEBUG FXGLApplication      - Loading fonts
23:39:00.052 [FXGL Background Thread 1 ] DEBUG FXGLAssetLoaderServi - Loading from file system: jar:file:/C:/Users/imad0/.m2/repository/com/github/almasb/fxgl/17.2/fxgl-17.2.jar!/fxglassets/languages/english.lang
23:39:00.052 [FXGL Background Thread 4 ] DEBUG FXGLAssetLoaderServi - Loading from file system: jar:file:/C:/Users/imad0/.m2/repository/com/github/almasb/fxgl/17.2/fxgl-17.2.jar!/fxglassets/ui/fonts/VarelaRound-Regular.ttf
23:39:00.074 [FXGL Background Thread 1 ] INFO  FXGLApplication      - FXGL initialization took: 0.358 sec
23:39:00.075 [JavaFX Application Thread] DEBUG FXGLAssetLoaderServi - Loading from file system: jar:file:/C:/Users/imad0/.m2/repository/com/github/almasb/fxgl/17.2/fxgl-17.2.jar!/fxglassets/textures/fxgl_icon.png
23:39:00.079 [FXGL Background Thread 4 ] DEBUG FXGLAssetLoaderServi - Loading from file system: jar:file:/C:/Users/imad0/.m2/repository/com/github/almasb/fxgl/17.2/fxgl-17.2.jar!/fxglassets/ui/fonts/Abel-Regular.ttf
23:39:00.091 [FXGL Background Thread 4 ] DEBUG FXGLAssetLoaderServi - Loading from file system: jar:file:/C:/Users/imad0/.m2/repository/com/github/almasb/fxgl/17.2/fxgl-17.2.jar!/fxglassets/ui/fonts/TerminalLandMono-Regular.otf
23:39:00.091 [JavaFX Application Thread] DEBUG FXGLAssetLoaderServi - Loading from file system: jar:file:/C:/Users/imad0/.m2/repository/com/github/almasb/fxgl/17.2/fxgl-17.2.jar!/fxglassets/textures/fxgl_default_cursor.png
23:39:00.100 [JavaFX Application Thread] DEBUG Input                - Registered new binding: Screenshot - CTRL+8
23:39:00.101 [JavaFX Application Thread] DEBUG Input                - Registered new binding: System info dump - CTRL+9
23:39:00.101 [JavaFX Application Thread] DEBUG Input                - Registered new binding: Restart - CTRL+R
23:39:00.102 [JavaFX Application Thread] DEBUG Input                - Registered new binding: Toggle Debug Camera - CTRL+7
23:39:00.105 [JavaFX Application Thread] DEBUG LoopRunner           - Starting loop
23:39:00.105 [JavaFX Application Thread] DEBUG LoopRunner           - Initializing JavaFX AnimationTimerLoop
23:39:00.107 [JavaFX Application Thread] DEBUG GameApplicationServi - Starting new game
23:39:00.107 [JavaFX Application Thread] DEBUG Input                - Clearing active input actions
23:39:00.120 [JavaFX Application Thread] DEBUG GameApplicationServi - Removing overlay from FXGLStartupScene and adding to FXGLLoadingScene
23:39:00.120 [JavaFX Application Thread] DEBUG PrimaryStageWindow   - FXGLStartupScene -> FXGLLoadingScene
23:39:00.120 [JavaFX Application Thread] DEBUG GameApplicationServi - Clearing previous game
23:39:00.120 [JavaFX Application Thread] DEBUG GameScene            - Clearing game scene
23:39:00.120 [JavaFX Application Thread] DEBUG GameWorld            - Clearing game world
23:39:00.120 [JavaFX Application Thread] DEBUG PhysicsWorld         - Clearing physics world
23:39:00.122 [FXGL Background Thread 1 ] DEBUG FXGLApplication      - Initializing game
23:39:00.152 [FXGL Background Thread 4 ] DEBUG FXGLAssetLoaderServi - Loading from file system: jar:file:/C:/Users/imad0/.m2/repository/com/github/almasb/fxgl/17.2/fxgl-17.2.jar!/fxglassets/ui/fonts/Courier-Prime.ttf
23:39:00.183 [JavaFX Application Thread] DEBUG FXGLApplication      - Registering font factories with UI factory
23:39:00.287 [FXGL Background Thread 1 ] INFO  FXGLApplication      - Game initialization took: 0.164 sec
23:39:00.371 [JavaFX Application Thread] DEBUG Input                - Clearing active input actions
23:39:00.379 [JavaFX Application Thread] DEBUG GameApplicationServi - Removing overlay from FXGLLoadingScene and adding to GameScene
23:39:00.380 [JavaFX Application Thread] DEBUG PrimaryStageWindow   - FXGLLoadingScene -> GameScene
23:39:03.049 [FXGL Background Thread 3 ] DEBUG Engine               - Logging environment variables
23:39:03.050 [FXGL Background Thread 3 ] DEBUG Engine               - achievements: []
23:39:03.050 [FXGL Background Thread 3 ] DEBUG Engine               - actualHeight: 500.0
23:39:03.050 [FXGL Background Thread 3 ] DEBUG Engine               - actualHeightProperty: ReadOnlyDoubleProperty [value: 500.0]
23:39:03.050 [FXGL Background Thread 3 ] DEBUG Engine               - actualWidth: 500.0
23:39:03.050 [FXGL Background Thread 3 ] DEBUG Engine               - actualWidthProperty: ReadOnlyDoubleProperty [value: 500.0]
23:39:03.050 [FXGL Background Thread 3 ] DEBUG Engine               - appIcon: fxgl_icon.png
23:39:03.050 [FXGL Background Thread 3 ] DEBUG Engine               - applicationMode: DEVELOPER
23:39:03.050 [FXGL Background Thread 3 ] DEBUG Engine               - cSSList: [fxgl_dark.css]
23:39:03.050 [FXGL Background Thread 3 ] DEBUG Engine               - collisionDetectionStrategy: BRUTE_FORCE
23:39:03.050 [FXGL Background Thread 3 ] DEBUG Engine               - configClass: Optional.empty
23:39:03.050 [FXGL Background Thread 3 ] DEBUG Engine               - credits: []
23:39:03.051 [FXGL Background Thread 3 ] DEBUG Engine               - defaultCursor: CursorInfo(imageName=fxgl_default_cursor.png, hotspotX=7.0, hotspotY=6.0)
23:39:03.051 [FXGL Background Thread 3 ] DEBUG Engine               - devBBoxColorProperty: ObjectProperty [value: 0xff0000ff]
23:39:03.051 [FXGL Background Thread 3 ] DEBUG Engine               - devEnableDebugCameraProperty: BooleanProperty [value: false]
23:39:03.051 [FXGL Background Thread 3 ] DEBUG Engine               - devSensorColorProperty: ObjectProperty [value: 0xffff00ff]
23:39:03.052 [FXGL Background Thread 3 ] DEBUG Engine               - devShowBBoxProperty: BooleanProperty [value: false]
23:39:03.052 [FXGL Background Thread 3 ] DEBUG Engine               - devShowPositionProperty: BooleanProperty [value: false]
23:39:03.052 [FXGL Background Thread 3 ] DEBUG Engine               - enabledMenuItems: []
23:39:03.052 [FXGL Background Thread 3 ] DEBUG Engine               - engineServices: [class com.almasb.fxgl.app.services.FXGLAssetLoaderService, class com.almasb.fxgl.app.FXGLApplication$GameApplicationService, class com.almasb.fxgl.app.services.FXGLDialogService, class com.almasb.fxgl.app.services.IOTaskExecutorService, class com.almasb.fxgl.io.FileSystemService, class com.almasb.fxgl.localization.LocalizationService, class com.almasb.fxgl.app.services.SystemBundleService, class com.almasb.fxgl.profile.SaveLoadService, class com.almasb.fxgl.ui.FXGLUIFactoryServiceProvider, class com.almasb.fxgl.ui.FXGLDialogFactoryServiceProvider, class com.almasb.fxgl.audio.AudioPlayer, class com.almasb.fxgl.notification.impl.NotificationServiceProvider, class com.almasb.fxgl.achievement.AchievementService, class com.almasb.fxgl.cutscene.CutsceneService, class com.almasb.fxgl.minigames.MiniGameService, class com.almasb.fxgl.net.NetService, class com.almasb.fxgl.app.services.UpdaterService, class com.almasb.fxgl.dev.DevService]
23:39:03.052 [FXGL Background Thread 3 ] DEBUG Engine               - fontGame: Abel-Regular.ttf
23:39:03.052 [FXGL Background Thread 3 ] DEBUG Engine               - fontMono: TerminalLandMono-Regular.otf
23:39:03.052 [FXGL Background Thread 3 ] DEBUG Engine               - fontText: Courier-Prime.ttf
23:39:03.052 [FXGL Background Thread 3 ] DEBUG Engine               - fontUI: VarelaRound-Regular.ttf
23:39:03.052 [FXGL Background Thread 3 ] DEBUG Engine               - fullScreen: BooleanProperty [value: false]
23:39:03.052 [FXGL Background Thread 3 ] DEBUG Engine               - gameDifficulty: MEDIUM
23:39:03.052 [FXGL Background Thread 3 ] DEBUG Engine               - gameDifficultyProperty: ObjectProperty [value: MEDIUM]
23:39:03.052 [FXGL Background Thread 3 ] DEBUG Engine               - globalMusicVolume: 0.5
23:39:03.052 [FXGL Background Thread 3 ] DEBUG Engine               - globalMusicVolumeProperty: DoubleProperty [value: 0.5]
23:39:03.052 [FXGL Background Thread 3 ] DEBUG Engine               - globalSoundVolume: 0.5
23:39:03.052 [FXGL Background Thread 3 ] DEBUG Engine               - globalSoundVolumeProperty: DoubleProperty [value: 0.5]
23:39:03.052 [FXGL Background Thread 3 ] DEBUG Engine               - height: 500
23:39:03.052 [FXGL Background Thread 3 ] DEBUG Engine               - is3D: false
23:39:03.052 [FXGL Background Thread 3 ] DEBUG Engine               - isAndroid: false
23:39:03.052 [FXGL Background Thread 3 ] DEBUG Engine               - isBrowser: false
23:39:03.052 [FXGL Background Thread 3 ] DEBUG Engine               - isClickFeedbackEnabled: false
23:39:03.053 [FXGL Background Thread 3 ] DEBUG Engine               - isCloseConfirmation: false
23:39:03.053 [FXGL Background Thread 3 ] DEBUG Engine               - isDesktop: true
23:39:03.053 [FXGL Background Thread 3 ] DEBUG Engine               - isDeveloperMenuEnabled: false
23:39:03.053 [FXGL Background Thread 3 ] DEBUG Engine               - isEmbedded: false
23:39:03.053 [FXGL Background Thread 3 ] DEBUG Engine               - isEntityPreloadEnabled: true
23:39:03.053 [FXGL Background Thread 3 ] DEBUG Engine               - isExperimentalTiledLargeMap: false
23:39:03.053 [FXGL Background Thread 3 ] DEBUG Engine               - isFileSystemWriteAllowed: true
23:39:03.053 [FXGL Background Thread 3 ] DEBUG Engine               - isFullScreenAllowed: false
23:39:03.053 [FXGL Background Thread 3 ] DEBUG Engine               - isFullScreenFromStart: false
23:39:03.053 [FXGL Background Thread 3 ] DEBUG Engine               - isGameMenuEnabled: true
23:39:03.053 [FXGL Background Thread 3 ] DEBUG Engine               - isIOS: false
23:39:03.053 [FXGL Background Thread 3 ] DEBUG Engine               - isIntroEnabled: false
23:39:03.053 [FXGL Background Thread 3 ] DEBUG Engine               - isLinux: false
23:39:03.053 [FXGL Background Thread 3 ] DEBUG Engine               - isMac: false
23:39:03.053 [FXGL Background Thread 3 ] DEBUG Engine               - isMainMenuEnabled: false
23:39:03.053 [FXGL Background Thread 3 ] DEBUG Engine               - isManualResizeEnabled: false
23:39:03.053 [FXGL Background Thread 3 ] DEBUG Engine               - isMobile: false
23:39:03.053 [FXGL Background Thread 3 ] DEBUG Engine               - isNative: false
23:39:03.054 [FXGL Background Thread 3 ] DEBUG Engine               - isPauseMusicWhenMinimized: true
23:39:03.054 [FXGL Background Thread 3 ] DEBUG Engine               - isPreserveResizeRatio: false
23:39:03.054 [FXGL Background Thread 3 ] DEBUG Engine               - isProfilingEnabled: false
23:39:03.054 [FXGL Background Thread 3 ] DEBUG Engine               - isScaleAffectedOnResize: true
23:39:03.054 [FXGL Background Thread 3 ] DEBUG Engine               - isSingleStep: false
23:39:03.054 [FXGL Background Thread 3 ] DEBUG Engine               - isUserProfileEnabled: false
23:39:03.054 [FXGL Background Thread 3 ] DEBUG Engine               - isWindows: true
23:39:03.054 [FXGL Background Thread 3 ] DEBUG Engine               - language: ObjectProperty [value: ENGLISH]
23:39:03.054 [FXGL Background Thread 3 ] DEBUG Engine               - menuKey: ESCAPE
23:39:03.054 [FXGL Background Thread 3 ] DEBUG Engine               - mouseSensitivity: 0.2
23:39:03.054 [FXGL Background Thread 3 ] DEBUG Engine               - notificationViewClass: class com.almasb.fxgl.notification.view.XboxNotificationView
23:39:03.054 [FXGL Background Thread 3 ] DEBUG Engine               - pixelsPerMeter: 50.0
23:39:03.054 [FXGL Background Thread 3 ] DEBUG Engine               - platform: WINDOWS
23:39:03.054 [FXGL Background Thread 3 ] DEBUG Engine               - prefHeightProperty: ReadOnlyDoubleProperty [value: 500.0]
23:39:03.055 [FXGL Background Thread 3 ] DEBUG Engine               - prefWidthProperty: ReadOnlyDoubleProperty [value: 500.0]
23:39:03.055 [FXGL Background Thread 3 ] DEBUG Engine               - profileDir: profiles/
23:39:03.055 [FXGL Background Thread 3 ] DEBUG Engine               - profileName: StringProperty [value: DEFAULT]
23:39:03.055 [FXGL Background Thread 3 ] DEBUG Engine               - randomSeed: -1
23:39:03.055 [FXGL Background Thread 3 ] DEBUG Engine               - runtimeInfo: RuntimeInfo(platform=WINDOWS, version=17.2, build=20.08.2022 16.50)
23:39:03.055 [FXGL Background Thread 3 ] DEBUG Engine               - saveFileExt: sav
23:39:03.055 [FXGL Background Thread 3 ] DEBUG Engine               - scaledHeightProp$fxgl: DoubleProperty [bound, value: 500.0]
23:39:03.055 [FXGL Background Thread 3 ] DEBUG Engine               - scaledWidthProp$fxgl: DoubleProperty [bound, value: 500.0]
23:39:03.055 [FXGL Background Thread 3 ] DEBUG Engine               - sceneFactory: com.almasb.fxgl.app.scene.SceneFactory@3a749d7a
23:39:03.055 [FXGL Background Thread 3 ] DEBUG Engine               - secondsIn24h: 60
23:39:03.055 [FXGL Background Thread 3 ] DEBUG Engine               - soundMenuBack: menu/back.wav
23:39:03.056 [FXGL Background Thread 3 ] DEBUG Engine               - soundMenuPress: menu/press.wav
23:39:03.056 [FXGL Background Thread 3 ] DEBUG Engine               - soundMenuSelect: menu/select.wav
23:39:03.056 [FXGL Background Thread 3 ] DEBUG Engine               - soundNotification: core/notification.wav
23:39:03.056 [FXGL Background Thread 3 ] DEBUG Engine               - stageStyle: DECORATED
23:39:03.056 [FXGL Background Thread 3 ] DEBUG Engine               - supportedLanguages: [ENGLISH, FRENCH, GERMAN, HUNGARIAN, RUSSIAN]
23:39:03.056 [FXGL Background Thread 3 ] DEBUG Engine               - ticksPerSecond: -1
23:39:03.056 [FXGL Background Thread 3 ] DEBUG Engine               - title: Flies
23:39:03.056 [FXGL Background Thread 3 ] DEBUG Engine               - urlGithub: https://github.com/AlmasB/FXGL
23:39:03.056 [FXGL Background Thread 3 ] DEBUG Engine               - urlLeaderboard: http://fxgl-top.herokuapp.com/
23:39:03.056 [FXGL Background Thread 3 ] DEBUG Engine               - urlPOM: https://raw.githubusercontent.com/AlmasB/FXGL/release/README.md
23:39:03.056 [FXGL Background Thread 3 ] DEBUG Engine               - userAppClass: class com.Imad.Main
23:39:03.056 [FXGL Background Thread 3 ] DEBUG Engine               - version: 
23:39:03.056 [FXGL Background Thread 3 ] DEBUG Engine               - versionCheckDays: 7
23:39:03.056 [FXGL Background Thread 3 ] DEBUG Engine               - width: 500
23:39:03.056 [FXGL Background Thread 3 ] DEBUG Engine               - Logging services
23:39:03.056 [FXGL Background Thread 3 ] DEBUG Engine               - class com.almasb.fxgl.app.services.FXGLAssetLoaderService
23:39:03.056 [FXGL Background Thread 3 ] DEBUG Engine               - class com.almasb.fxgl.app.FXGLApplication$GameApplicationService
23:39:03.056 [FXGL Background Thread 3 ] DEBUG Engine               - class com.almasb.fxgl.app.services.FXGLDialogService
23:39:03.057 [FXGL Background Thread 3 ] DEBUG Engine               - class com.almasb.fxgl.app.services.IOTaskExecutorService
23:39:03.057 [FXGL Background Thread 3 ] DEBUG Engine               - class com.almasb.fxgl.io.FileSystemService
23:39:03.057 [FXGL Background Thread 3 ] DEBUG Engine               - class com.almasb.fxgl.localization.LocalizationService
23:39:03.057 [FXGL Background Thread 3 ] DEBUG Engine               - class com.almasb.fxgl.app.services.SystemBundleService
23:39:03.057 [FXGL Background Thread 3 ] DEBUG Engine               - class com.almasb.fxgl.profile.SaveLoadService
23:39:03.057 [FXGL Background Thread 3 ] DEBUG Engine               - class com.almasb.fxgl.ui.FXGLUIFactoryServiceProvider
23:39:03.057 [FXGL Background Thread 3 ] DEBUG Engine               - class com.almasb.fxgl.ui.FXGLDialogFactoryServiceProvider
23:39:03.057 [FXGL Background Thread 3 ] DEBUG Engine               - class com.almasb.fxgl.audio.AudioPlayer
23:39:03.057 [FXGL Background Thread 3 ] DEBUG Engine               - class com.almasb.fxgl.notification.impl.NotificationServiceProvider
23:39:03.057 [FXGL Background Thread 3 ] DEBUG Engine               - class com.almasb.fxgl.achievement.AchievementService
23:39:03.057 [FXGL Background Thread 3 ] DEBUG Engine               - class com.almasb.fxgl.cutscene.CutsceneService
23:39:03.058 [FXGL Background Thread 3 ] DEBUG Engine               - class com.almasb.fxgl.minigames.MiniGameService
23:39:03.058 [FXGL Background Thread 3 ] DEBUG Engine               - class com.almasb.fxgl.net.NetService
23:39:03.058 [FXGL Background Thread 3 ] DEBUG Engine               - class com.almasb.fxgl.app.services.UpdaterService
23:39:03.058 [FXGL Background Thread 3 ] DEBUG Engine               - class com.almasb.fxgl.dev.DevService
23:39:09.737 [JavaFX Application Thread] DEBUG FXGLApplication      - Exiting FXGL
23:39:09.737 [JavaFX Application Thread] DEBUG LoopRunner           - Stopping loop
23:39:09.737 [JavaFX Application Thread] DEBUG SystemBundleService  - Saving FXGL system data
23:39:09.740 [JavaFX Application Thread] DEBUG FileSystemAccess     - Writing to: C:\Users\imad0\Desktop\CodingFun\flies\system\fxgl.bundle
23:39:09.742 [JavaFX Application Thread] DEBUG Async                - Shutting down background threads
23:39:09.742 [JavaFX Application Thread] DEBUG PrimaryStageWindow   - Closing main window
23:39:09.761 [JavaFX Application Thread] DEBUG Logger               - Closing Logger
